<?xml version="1.0" encoding="UTF-8"?>
<!-- Generated by org.testng.reporters.JUnitXMLReporter -->
<testsuite hostname="DESKTOP-BK9TLGL" ignored="0" name="Validate title" tests="1" failures="0" timestamp="2023-02-07T15:14:10 CST" time="0.192" errors="0">
  <testcase name="@BeforeTest initialize" time="0.075" classname="Academy.E2EProject.validateTitle">
    <failure type="java.io.FileNotFoundException" message="C:\Users\WPC\eclipse-workspace\E2EProject\src\main\java\Resources\data (The system cannot find the path specified)">
      <![CDATA[java.io.FileNotFoundException: C:\Users\WPC\eclipse-workspace\E2EProject\src\main\java\Resources\data (The system cannot find the path specified)
at java.io.FileInputStream.open0(Native Method)
at java.io.FileInputStream.open(FileInputStream.java:195)
at java.io.FileInputStream.<init>(FileInputStream.java:138)
at java.io.FileInputStream.<init>(FileInputStream.java:93)
at resources.base.initializeDriver(base.java:24)
at Academy.E2EProject.validateTitle.initialize(validateTitle.java:26)
at java.util.concurrent.FutureTask.run(FutureTask.java:266)
at java.util.concurrent.ThreadPoolExecutor.runWorker(ThreadPoolExecutor.java:1149)
at java.util.concurrent.ThreadPoolExecutor$Worker.run(ThreadPoolExecutor.java:624)
at java.lang.Thread.run(Thread.java:748)
... Removed 15 stack frames]]>
    </failure>
  </testcase> <!-- @BeforeTest initialize -->
  <testcase name="@AfterTest tearDown" time="0.0" classname="Academy.E2EProject.validateTitle">
    <skipped/>
  </testcase> <!-- @AfterTest tearDown -->
  <testcase name="validatePage" time="0.0" classname="Academy.E2EProject.validateTitle">
    <skipped/>
  </testcase> <!-- validatePage -->
</testsuite> <!-- Validate title -->
