<?xml version="1.0" encoding="UTF-8"?>
<testsuite xmlns:xsi="http://www.w3.org/2001/XMLSchema-instance" xsi:noNamespaceSchemaLocation="https://maven.apache.org/surefire/maven-surefire-plugin/xsd/surefire-test-report.xsd" name="TestSuite" time="3.153" tests="6" errors="0" skipped="4" failures="2">
  <properties>
[...]
</properties>
  <testcase name="initialize" classname="Academy.E2EProject.validateTitle" time="2.291">
    <failure message="C:\Users\WPC\eclipse-workspace\E2EProject\src\main\java\Resources\data (The system cannot find the path specified)" type="java.io.FileNotFoundException">java.io.FileNotFoundException: C:\Users\WPC\eclipse-workspace\E2EProject\src\main\java\Resources\data (The system cannot find the path specified)
	at Academy.E2EProject.validateTitle.initialize(validateTitle.java:26)
</failure>
  </testcase>
  <testcase name="initialize" classname="Academy.E2EProject.HomePage" time="2.296">
    <failure message="C:\Users\WPC\eclipse-workspace\E2EProject\src\main\java\Resources\data (The system cannot find the path specified)" type="java.io.FileNotFoundException">java.io.FileNotFoundException: C:\Users\WPC\eclipse-workspace\E2EProject\src\main\java\Resources\data (The system cannot find the path specified)
	at Academy.E2EProject.HomePage.initialize(HomePage.java:23)
</failure>
  </testcase>
  <testcase name="basePageNavigiation" classname="Academy.E2EProject.HomePage" time="0">
    <skipped message="C:\Users\WPC\eclipse-workspace\E2EProject\src\main\java\Resources\data (The system cannot find the path specified)"/>
  </testcase>
  <testcase name="validatePage" classname="Academy.E2EProject.validateTitle" time="0">
    <skipped message="C:\Users\WPC\eclipse-workspace\E2EProject\src\main\java\Resources\data (The system cannot find the path specified)"/>
  </testcase>
  <testcase name="tearDown" classname="Academy.E2EProject.validateTitle" time="0">
    <skipped/>
  </testcase>
  <testcase name="tearDown" classname="Academy.E2EProject.HomePage" time="0">
    <skipped/>
  </testcase>
</testsuite>